<?xml version="1.0" encoding="UTF-8"?>
<!-- Generated by org.testng.reporters.JUnitReportReporter -->
<testsuite hostname="solvds-MacBook-Pro.local" failures="0" tests="1" name="com.spotify.carina.carina.demo.HelloWorld" time="0.022" errors="0" timestamp="2024-02-19T12:21:47 ART" skipped="0">
  <testcase classname="com.spotify.carina.carina.demo.HelloWorld" name="helloWorld" time="0.022"/>
  <system-out/>
</testsuite> <!-- com.spotify.carina.carina.demo.HelloWorld -->
